<?xml version="1.0" encoding="UTF-8"?>
<testng-results ignored="0" total="1" passed="1" failed="0" skipped="0">
  <reporter-output>
  </reporter-output>
  <suite started-at="2025-11-13T00:15:26 GMT" name="Surefire suite" finished-at="2025-11-13T00:15:28 GMT" duration-ms="2038">
    <groups>
      <group name="cucumber">
        <method signature="AbstractTestNGCucumberTests.runScenario(io.cucumber.testng.PickleWrapper,io.cucumber.testng.FeatureWrapper)[pri:0, instance:runners.TestRunner@3c72f59f]" name="runScenario" class="io.cucumber.testng.AbstractTestNGCucumberTests"/>
      </group> <!-- cucumber -->
    </groups>
    <test started-at="2025-11-13T00:15:26 GMT" name="Surefire test" finished-at="2025-11-13T00:15:28 GMT" duration-ms="2038">
      <class name="runners.TestRunner">
        <test-method is-config="true" signature="setUpClass(org.testng.ITestContext)[pri:0, instance:runners.TestRunner@3c72f59f]" started-at="2025-11-13T00:15:26 GMT" name="setUpClass" finished-at="2025-11-13T00:15:27 GMT" duration-ms="290" status="PASS">
          <params>
            <param index="0">
              <value>
                <![CDATA[org.testng.TestRunner@1ef31f71]]>
              </value>
            </param>
          </params>
          <reporter-output>
          </reporter-output>
        </test-method> <!-- setUpClass -->
        <test-method signature="runScenario(io.cucumber.testng.PickleWrapper,io.cucumber.testng.FeatureWrapper)[pri:0, instance:runners.TestRunner@3c72f59f]" started-at="2025-11-13T00:15:27 GMT" name="runScenario" description="Runs Cucumber Scenarios" data-provider="scenarios" finished-at="2025-11-13T00:15:28 GMT" duration-ms="1687" status="PASS">
          <params>
            <param index="0">
              <value>
                <![CDATA["Get All Products List"]]>
              </value>
            </param>
            <param index="1">
              <value>
                <![CDATA["Product API"]]>
              </value>
            </param>
          </params>
          <reporter-output>
          </reporter-output>
        </test-method> <!-- runScenario -->
        <test-method is-config="true" signature="tearDownClass()[pri:0, instance:runners.TestRunner@3c72f59f]" started-at="2025-11-13T00:15:28 GMT" name="tearDownClass" finished-at="2025-11-13T00:15:28 GMT" duration-ms="41" status="PASS">
          <reporter-output>
          </reporter-output>
        </test-method> <!-- tearDownClass -->
      </class> <!-- runners.TestRunner -->
    </test> <!-- Surefire test -->
  </suite> <!-- Surefire suite -->
</testng-results>
