<?xml version="1.0" encoding="UTF-8"?>
<testsuite xmlns:xsi="http://www.w3.org/2001/XMLSchema-instance" xsi:noNamespaceSchemaLocation="https://maven.apache.org/surefire/maven-surefire-plugin/xsd/surefire-test-report-3.0.xsd" version="3.0" name="runners.TestRunner" time="2.292" tests="1" errors="0" skipped="0" failures="0">
  <properties>
[...]
</properties>
  <testcase name="runScenario[&quot;Get All Products List&quot;, &quot;Product API&quot;](1)" classname="runners.TestRunner" time="1.698">
    <system-out><![CDATA[
Scenario: Get All Products List               # src/test/java/features/products.feature:3
  Given The API endpoint is available         # stepDefinitions.ProductSteps.theAPIEndpointIsAvailable()
  When Send GET request to productsList       # stepDefinitions.ProductSteps.sendGETRequestToProductsList()
Total products: 34

ID:1
Name:Blue Top
Price:Rs. 500
Brand:Polo
Category:Tops
UserType:Women

ID:2
Name:Men Tshirt
Price:Rs. 400
Brand:H&M
Category:Tshirts
UserType:Men

ID:3
Name:Sleeveless Dress
Price:Rs. 1000
Brand:Madame
Category:Dress
UserType:Women

ID:4
Name:Stylish Dress
Price:Rs. 1500
Brand:Madame
Category:Dress
UserType:Women

ID:5
Name:Winter Top
Price:Rs. 600
Brand:Mast & Harbour
Category:Tops
UserType:Women

ID:6
Name:Summer White Top
Price:Rs. 400
Brand:H&M
Category:Tops
UserType:Women

ID:7
Name:Madame Top For Women
Price:Rs. 1000
Brand:Madame
Category:Tops
UserType:Women

ID:8
Name:Fancy Green Top
Price:Rs. 700
Brand:Polo
Category:Tops
UserType:Women

ID:11
Name:Sleeves Printed Top - White
Price:Rs. 499
Brand:Babyhug
Category:Tops & Shirts
UserType:Kids

ID:12
Name:Half Sleeves Top Schiffli Detailing - Pink
Price:Rs. 359
Brand:Babyhug
Category:Tops & Shirts
UserType:Kids

ID:13
Name:Frozen Tops For Kids
Price:Rs. 278
Brand:Allen Solly Junior
Category:Tops & Shirts
UserType:Kids

ID:14
Name:Full Sleeves Top Cherry - Pink
Price:Rs. 679
Brand:Kookie Kids
Category:Tops & Shirts
UserType:Kids

ID:15
Name:Printed Off Shoulder Top - White
Price:Rs. 315
Brand:Babyhug
Category:Tops & Shirts
UserType:Kids

ID:16
Name:Sleeves Top and Short - Blue & Pink
Price:Rs. 478
Brand:Babyhug
Category:Dress
UserType:Kids

ID:18
Name:Little Girls Mr. Panda Shirt
Price:Rs. 1200
Brand:Kookie Kids
Category:Tops & Shirts
UserType:Kids

ID:19
Name:Sleeveless Unicorn Patch Gown - Pink
Price:Rs. 1050
Brand:Allen Solly Junior
Category:Dress
UserType:Kids

ID:20
Name:Cotton Mull Embroidered Dress
Price:Rs. 1190
Brand:Kookie Kids
Category:Dress
UserType:Kids

ID:21
Name:Blue Cotton Indie Mickey Dress
Price:Rs. 1530
Brand:Biba
Category:Dress
UserType:Kids

ID:22
Name:Long Maxi Tulle Fancy Dress Up Outfits -Pink
Price:Rs. 1600
Brand:Biba
Category:Dress
UserType:Kids

ID:23
Name:Sleeveless Unicorn Print Fit & Flare Net Dress - Multi
Price:Rs. 1100
Brand:Biba
Category:Dress
UserType:Kids

ID:24
Name:Colour Blocked Shirt – Sky Blue
Price:Rs. 849
Brand:Allen Solly Junior
Category:Tops & Shirts
UserType:Kids

ID:28
Name:Pure Cotton V-Neck T-Shirt
Price:Rs. 1299
Brand:H&M
Category:Tshirts
UserType:Men

ID:29
Name:Green Side Placket Detail T-Shirt
Price:Rs. 1000
Brand:Polo
Category:Tshirts
UserType:Men

ID:30
Name:Premium Polo T-Shirts
Price:Rs. 1500
Brand:Polo
Category:Tshirts
UserType:Men

ID:31
Name:Pure Cotton Neon Green Tshirt
Price:Rs. 850
Brand:H&M
Category:Tshirts
UserType:Men

ID:33
Name:Soft Stretch Jeans
Price:Rs. 799
Brand:Polo
Category:Jeans
UserType:Men

ID:35
Name:Regular Fit Straight Jeans
Price:Rs. 1200
Brand:H&M
Category:Jeans
UserType:Men

ID:37
Name:Grunt Blue Slim Fit Jeans
Price:Rs. 1400
Brand:Polo
Category:Jeans
UserType:Men

ID:38
Name:Rose Pink Embroidered Maxi Dress
Price:Rs. 2300
Brand:Madame
Category:Dress
UserType:Women

ID:39
Name:Cotton Silk Hand Block Print Saree
Price:Rs. 3000
Brand:Biba
Category:Saree
UserType:Women

ID:40
Name:Rust Red Linen Saree
Price:Rs. 3500
Brand:Biba
Category:Saree
UserType:Women

ID:41
Name:Beautiful Peacock Blue Cotton Linen Saree
Price:Rs. 5000
Brand:Madame
Category:Saree
UserType:Women

ID:42
Name:Lace Top For Women
Price:Rs. 1400
Brand:Mast & Harbour
Category:Tops
UserType:Women

ID:43
Name:GRAPHIC DESIGN MEN T SHIRT - BLUE
Price:Rs. 1389
Brand:Mast & Harbour
Category:Tshirts
UserType:Men

  And Should receive the list of all products # stepDefinitions.ProductSteps.shouldReceiveTheListOfAllProducts()
  Then The status code should be 200          # stepDefinitions.ProductSteps.theStatusCodeShouldBe()
]]></system-out>
    <system-err><![CDATA[SLF4J: Failed to load class "org.slf4j.impl.StaticLoggerBinder".
SLF4J: Defaulting to no-operation (NOP) logger implementation
SLF4J: See http://www.slf4j.org/codes.html#StaticLoggerBinder for further details.
]]></system-err>
  </testcase>
</testsuite>